NAME ONE-SIZE ALL-SIZE WAYS TYPE        LEVEL  SETS PHY-LINE COHERENCY-SIZE
L1d       32K       1M    8 Data            1    64        1             64
L1i       32K       1M    8 Instruction     1    64        1             64
L2         1M      32M   16 Unified         2  1024        1             64
L3        22M      44M   11 Unified         3 32768        1             64
=============================================
Running with n=1
building_id,mean_temp,std_temp,pct_above_18,pct_below_15
10000, 14.01233878811275,6.367431059312565,30.941014791508444,55.542295034537624
Wrote profile results to simulation.py.lprof
Timer unit: 1e-06 s

Total time: 5.65476 s
File: simulation.py
Function: jacobi at line 14

Line #      Hits         Time  Per Hit   % Time  Line Contents
==============================================================
    14                                           @profile
    15                                           def jacobi(u, interior_mask, max_iter, atol=1e-6):
    16         1        773.0    773.0      0.0      u = np.copy(u)
    17      3602       1725.6      0.5      0.0      for _ in range(max_iter):
    18                                                   # Compute average of left, right, up and down neighbors, see eq(1)
    19      3602    3489000.8    968.6     61.7          u_new = 0.25 * (u[1:-1, :-2] + u[1:-1, 2:] + u[:-2, 1:-1] + u[2:, 1:-1])
    20      3602     577502.0    160.3     10.2          u_new_interior = u_new[interior_mask]
    21      3602     969085.5    269.0     17.1          delta = np.abs(u[1:-1, 1:-1][interior_mask] - u_new_interior).max()
    22      3602     612877.3    170.1     10.8          u[1:-1, 1:-1][interior_mask] = u_new_interior
    23      3602       3792.6      1.1      0.1          if delta < atol:
    24         1          0.5      0.5      0.0              break
    25         1          0.2      0.2      0.0      return u

=============================================
Total execution time: 6s

------------------------------------------------------------
Sender: LSF System <lsfadmin@hpc.dtu.dk>
Subject: Job 24348181: <task_4> in cluster <dcc> Done

Job <task_4> was submitted from host <n-62-30-8> by user <s242519> in cluster <dcc> at Sun Mar  9 17:29:27 2025
Job was executed on host(s) <n-62-11-64>, in queue <hpc>, as user <s242519> in cluster <dcc> at Sun Mar  9 17:29:28 2025
</zhome/9d/2/213212> was used as the home directory.
</zhome/9d/2/213212/02613pyhpc/02613_project_init/tasks/task4> was used as the working directory.
Started at Sun Mar  9 17:29:28 2025
Terminated at Sun Mar  9 17:29:35 2025
Results reported at Sun Mar  9 17:29:35 2025

Your job looked like:

------------------------------------------------------------
# LSBATCH: User input
#!/bin/bash
#BSUB -J task_4
#BSUB -q hpc
#BSUB -W 10
#BSUB -R "select[model==XeonGold6226R]"
#BSUB -R "rusage[mem=20GB]"
#BSUB -n 1
#BSUB -R "span[hosts=1]"
#BSUB -o task_4_%J.out
#BSUB -e task_4_%J.err

source /dtu/projects/02613_2025/conda/conda_init.sh
conda activate 02613

SECONDS=0
lscpu -C
echo "============================================="
n=1
echo "Running with n=$n"
time kernprof -l -v simulation.py $n
echo "============================================="
echo "Total execution time: ${SECONDS}s"


------------------------------------------------------------

Successfully completed.

Resource usage summary:

    CPU time :                                   6.69 sec.
    Max Memory :                                 -
    Average Memory :                             -
    Total Requested Memory :                     20480.00 MB
    Delta Memory :                               -
    Max Swap :                                   -
    Max Processes :                              -
    Max Threads :                                -
    Run time :                                   27 sec.
    Turnaround time :                            8 sec.

The output (if any) is above this job summary.



PS:

Read file <task_4_24348181.err> for stderr output of this job.

