NAME ONE-SIZE ALL-SIZE WAYS TYPE        LEVEL  SETS PHY-LINE COHERENCY-SIZE
L1d       32K       1M    8 Data            1    64        1             64
L1i       32K       1M    8 Instruction     1    64        1             64
L2         1M      32M   16 Unified         2  1024        1             64
L3        22M      44M   11 Unified         3 32768        1             64
=============================================
Running with n=10
building_id,mean_temp,std_temp,pct_above_18,pct_below_15
10000, 14.01233878811275,6.367431059312565,30.941014791508444,55.542295034537624
10009, 11.000135812436373,5.811144379826625,16.6712734948236,74.9723590310584
10014, 14.744169941950119,7.037733284673848,38.26367541377415,52.80837116508215
10019, 14.735524480624482,7.030325006703675,38.14915412864569,52.92926826787113
10029, 10.616037322820358,6.317331938274926,18.25563221896085,74.51301795448481
10031, 12.507072852890545,6.278432089100354,24.044722033998173,66.39513301711693
10051, 13.289039951277402,5.999085063388632,25.97693550756574,62.859923608050536
10053, 11.366493551285709,6.26121798185875,19.9510754583921,72.41052538787024
10056, 14.220114507861702,6.179461157398302,31.763454814173965,57.06174975667784
10064, 12.71696893739585,6.964227784263683,28.79137124461432,62.75688345539249
Wrote profile results to simulation.py.lprof
Timer unit: 1e-06 s

Total time: 82.5373 s
File: simulation.py
Function: jacobi at line 14

Line #      Hits         Time  Per Hit   % Time  Line Contents
==============================================================
    14                                           @profile
    15                                           def jacobi(u, interior_mask, max_iter, atol=1e-6):
    16        10       5326.3    532.6      0.0      u = np.copy(u)
    17     47282      21044.4      0.4      0.0      for _ in range(max_iter):
    18                                                   # Compute average of left, right, up and down neighbors, see eq(1)
    19     47282   47160474.9    997.4     57.1          u_new = 0.25 * (u[1:-1, :-2] + u[1:-1, 2:] + u[:-2, 1:-1] + u[2:, 1:-1])
    20     47282    8824012.9    186.6     10.7          u_new_interior = u_new[interior_mask]
    21     47282   16684309.7    352.9     20.2          delta = np.abs(u[1:-1, 1:-1][interior_mask] - u_new_interior).max()
    22     47282    9780486.6    206.9     11.8          u[1:-1, 1:-1][interior_mask] = u_new_interior
    23     47282      61623.3      1.3      0.1          if delta < atol:
    24        10          5.0      0.5      0.0              break
    25        10          2.6      0.3      0.0      return u

=============================================
Total execution time: 83s

------------------------------------------------------------
Sender: LSF System <lsfadmin@hpc.dtu.dk>
Subject: Job 24348183: <task_4> in cluster <dcc> Done

Job <task_4> was submitted from host <n-62-30-8> by user <s242519> in cluster <dcc> at Sun Mar  9 17:31:40 2025
Job was executed on host(s) <n-62-11-64>, in queue <hpc>, as user <s242519> in cluster <dcc> at Sun Mar  9 17:31:42 2025
</zhome/9d/2/213212> was used as the home directory.
</zhome/9d/2/213212/02613pyhpc/02613_project_init/tasks/task4> was used as the working directory.
Started at Sun Mar  9 17:31:42 2025
Terminated at Sun Mar  9 17:33:06 2025
Results reported at Sun Mar  9 17:33:06 2025

Your job looked like:

------------------------------------------------------------
# LSBATCH: User input
#!/bin/bash
#BSUB -J task_4
#BSUB -q hpc
#BSUB -W 10
#BSUB -R "select[model==XeonGold6226R]"
#BSUB -R "rusage[mem=20GB]"
#BSUB -n 1
#BSUB -R "span[hosts=1]"
#BSUB -o task_4_%J.out
#BSUB -e task_4_%J.err

source /dtu/projects/02613_2025/conda/conda_init.sh
conda activate 02613

SECONDS=0
lscpu -C
echo "============================================="
n=10
echo "Running with n=$n"
time kernprof -l -v simulation.py $n
echo "============================================="
echo "Total execution time: ${SECONDS}s"


------------------------------------------------------------

Successfully completed.

Resource usage summary:

    CPU time :                                   83.85 sec.
    Max Memory :                                 73 MB
    Average Memory :                             49.00 MB
    Total Requested Memory :                     20480.00 MB
    Delta Memory :                               20407.00 MB
    Max Swap :                                   -
    Max Processes :                              4
    Max Threads :                                5
    Run time :                                   199 sec.
    Turnaround time :                            86 sec.

The output (if any) is above this job summary.



PS:

Read file <task_4_24348183.err> for stderr output of this job.

